Using pre-set license
Built from '2020.2/release' branch; Version is '2020.2.2f1 (068178b99f32) revision 426360'; Using compiler version '192528614'; Build Type 'Release'
OS: 'Windows 10 Home; OS build 19042.746; Version 2009; 64bit' Language: 'en' Physical Memory: 16324 MB
BatchMode: 1, IsHumanControllingUs: 0, StartBugReporterOnCrash: 0, Is64bit: 1, IsPro: 0

 COMMAND LINE ARGUMENTS:
E:\Program Files\Unity\Hub\Editor\2020.2.2f1\Editor\Unity.exe
-adb2
-batchMode
-noUpm
-name
AssetImportWorker0
-projectPath
E:/Users/Owner/Documents/Unity/GGJ - StaffsUnnamed
-logFile
Logs/AssetImportWorker0.log
-srvPort
51214
Successfully changed project path to: E:/Users/Owner/Documents/Unity/GGJ - StaffsUnnamed
E:/Users/Owner/Documents/Unity/GGJ - StaffsUnnamed
Using Asset Import Pipeline V2.
Refreshing native plugins compatible for Editor in 81.96 ms, found 1 plugins.
Preloading 0 native plugins for Editor in 0.00 ms.
Initialize engine version: 2020.2.2f1 (068178b99f32)
[Subsystems] Discovering subsystems at path E:/Program Files/Unity/Hub/Editor/2020.2.2f1/Editor/Data/Resources/UnitySubsystems
[Subsystems] Discovering subsystems at path E:/Users/Owner/Documents/Unity/GGJ - StaffsUnnamed/Assets
GfxDevice: creating device client; threaded=0
Direct3D:
    Version:  Direct3D 11.0 [level 11.1]
    Renderer: NVIDIA GeForce GTX 1060 3GB (ID=0x1c02)
    Vendor:   
    VRAM:     2988 MB
    Driver:   26.21.14.3200
Shader 'Universal Render Pipeline/Particles/Lit': fallback shader 'Universal Render Pipeline/Particles/SimpleLit' not found
Initialize mono
Mono path[0] = 'E:/Program Files/Unity/Hub/Editor/2020.2.2f1/Editor/Data/Managed'
Mono path[1] = 'E:/Program Files/Unity/Hub/Editor/2020.2.2f1/Editor/Data/MonoBleedingEdge/lib/mono/unityjit'
Mono config path = 'E:/Program Files/Unity/Hub/Editor/2020.2.2f1/Editor/Data/MonoBleedingEdge/etc'
Using monoOptions --debugger-agent=transport=dt_socket,embedding=1,server=y,suspend=n,address=127.0.0.1:56764
Begin MonoManager ReloadAssembly
Registering precompiled unity dll's ...
Register platform support module: E:/Program Files/Unity/Hub/Editor/2020.2.2f1/Editor/Data/PlaybackEngines/WindowsStandaloneSupport/UnityEditor.WindowsStandalone.Extensions.dll
Registered in 0.006180 seconds.
Native extension for WindowsStandalone target not found
Refreshing native plugins compatible for Editor in 78.92 ms, found 1 plugins.
Preloading 0 native plugins for Editor in 0.00 ms.
Invoked RoslynAnalysisRunner static constructor.
RoslynAnalysisRunner will not be running.
RoslynAnalysisRunner has terminated.
Mono: successfully reloaded assembly
- Completed reload, in  2.060 seconds
Platform modules already initialized, skipping
Registering precompiled user dll's ...
Registered in 0.005831 seconds.
Begin MonoManager ReloadAssembly
Native extension for WindowsStandalone target not found
Refreshing native plugins compatible for Editor in 83.58 ms, found 1 plugins.
Preloading 0 native plugins for Editor in 0.00 ms.
Invoked RoslynAnalysisRunner static constructor.
RoslynAnalysisRunner will not be running.
RoslynAnalysisRunner has terminated.
Mono: successfully reloaded assembly
- Completed reload, in  1.787 seconds
Platform modules already initialized, skipping
========================================================================
Worker process is ready to serve import requests
Shader 'Universal Render Pipeline/Particles/Lit': fallback shader 'Universal Render Pipeline/Particles/SimpleLit' not found
Launched and connected shader compiler UnityShaderCompiler.exe after 0.07 seconds
Refreshing native plugins compatible for Editor in 0.58 ms, found 1 plugins.
Preloading 0 native plugins for Editor in 0.00 ms.
Unloading 3061 Unused Serialized files (Serialized files now loaded: 0)
System memory in use before: 133.6 MB.
System memory in use after: 133.8 MB.

Unloading 20 unused Assets to reduce memory usage. Loaded Objects now: 3514.
Total: 3.529600 ms (FindLiveObjects: 0.298500 ms CreateObjectMapping: 0.180500 ms MarkObjects: 3.018700 ms  DeleteObjects: 0.030500 ms)

========================================================================
Received Import Request.
  path: Assets/UniversalRenderPipelineAsset_Renderer.asset
  artifactKey: Guid(ece2326f7259b3e4986a508541c54b9a) Importer(815301076,1909f56bfc062723c751e8b465ee728b)
Start importing Assets/UniversalRenderPipelineAsset_Renderer.asset using Guid(ece2326f7259b3e4986a508541c54b9a) Importer(815301076,1909f56bfc062723c751e8b465ee728b)  -> (artifact id: 'afbfbbf98f5a639ff8289bdaa890887b') in 0.055140 seconds
  Import took 0.062324 seconds .

========================================================================
Received Import Request.
  Time since last request: 0.000213 seconds.
  path: Assets/UniversalRenderPipelineAsset.asset
  artifactKey: Guid(2876fc107c518dd4f8843be75e1a8aa8) Importer(815301076,1909f56bfc062723c751e8b465ee728b)
Start importing Assets/UniversalRenderPipelineAsset.asset using Guid(2876fc107c518dd4f8843be75e1a8aa8) Importer(815301076,1909f56bfc062723c751e8b465ee728b)  -> (artifact id: '0130738d018be2afeedaff75c0f9cc36') in 0.015432 seconds
  Import took 0.023117 seconds .

========================================================================
Received Prepare
Registering precompiled user dll's ...
Registered in 0.004254 seconds.
Begin MonoManager ReloadAssembly
Native extension for WindowsStandalone target not found
Refreshing native plugins compatible for Editor in 0.69 ms, found 1 plugins.
Preloading 0 native plugins for Editor in 0.00 ms.
Invoked RoslynAnalysisRunner static constructor.
RoslynAnalysisRunner will not be running.
RoslynAnalysisRunner has terminated.
Mono: successfully reloaded assembly
- Completed reload, in  1.292 seconds
Platform modules already initialized, skipping
Shader 'Universal Render Pipeline/Particles/Lit': fallback shader 'Universal Render Pipeline/Particles/SimpleLit' not found
Refreshing native plugins compatible for Editor in 0.55 ms, found 1 plugins.
Preloading 0 native plugins for Editor in 0.00 ms.
Unloading 2948 Unused Serialized files (Serialized files now loaded: 0)
System memory in use before: 127.6 MB.
System memory in use after: 127.8 MB.

Unloading 9 unused Assets to reduce memory usage. Loaded Objects now: 3521.
Total: 4.459300 ms (FindLiveObjects: 0.486500 ms CreateObjectMapping: 0.208400 ms MarkObjects: 3.740700 ms  DeleteObjects: 0.021700 ms)

========================================================================
Received Prepare
Shader 'Universal Render Pipeline/Particles/Lit': fallback shader 'Universal Render Pipeline/Particles/SimpleLit' not found
Refreshing native plugins compatible for Editor in 4.55 ms, found 1 plugins.
Preloading 0 native plugins for Editor in 0.00 ms.
Unloading 7 Unused Serialized files (Serialized files now loaded: 0)
System memory in use before: 70.6 MB.
System memory in use after: 70.8 MB.

Unloading 7 unused Assets to reduce memory usage. Loaded Objects now: 3521.
Total: 2.540100 ms (FindLiveObjects: 0.273700 ms CreateObjectMapping: 0.148600 ms MarkObjects: 2.100100 ms  DeleteObjects: 0.016200 ms)

========================================================================
Received Prepare
Shader 'Universal Render Pipeline/Particles/Lit': fallback shader 'Universal Render Pipeline/Particles/SimpleLit' not found
Refreshing native plugins compatible for Editor in 4.27 ms, found 1 plugins.
Preloading 0 native plugins for Editor in 0.00 ms.
Unloading 7 Unused Serialized files (Serialized files now loaded: 0)
System memory in use before: 70.4 MB.
System memory in use after: 70.6 MB.

Unloading 7 unused Assets to reduce memory usage. Loaded Objects now: 3521.
Total: 3.206000 ms (FindLiveObjects: 0.338800 ms CreateObjectMapping: 0.202100 ms MarkObjects: 2.632900 ms  DeleteObjects: 0.030000 ms)

========================================================================
Received Prepare
Registering precompiled user dll's ...
Registered in 0.004609 seconds.
Begin MonoManager ReloadAssembly
Native extension for WindowsStandalone target not found
Refreshing native plugins compatible for Editor in 1.13 ms, found 1 plugins.
Preloading 0 native plugins for Editor in 0.00 ms.
Invoked RoslynAnalysisRunner static constructor.
RoslynAnalysisRunner will not be running.
RoslynAnalysisRunner has terminated.
Mono: successfully reloaded assembly
- Completed reload, in  1.432 seconds
Platform modules already initialized, skipping
Shader 'Universal Render Pipeline/Particles/Lit': fallback shader 'Universal Render Pipeline/Particles/SimpleLit' not found
Refreshing native plugins compatible for Editor in 0.61 ms, found 1 plugins.
Preloading 0 native plugins for Editor in 0.00 ms.
Unloading 2946 Unused Serialized files (Serialized files now loaded: 0)
System memory in use before: 128.6 MB.
System memory in use after: 128.8 MB.

Unloading 9 unused Assets to reduce memory usage. Loaded Objects now: 3524.
Total: 2.778200 ms (FindLiveObjects: 0.393400 ms CreateObjectMapping: 0.170200 ms MarkObjects: 2.161500 ms  DeleteObjects: 0.051900 ms)

========================================================================
Received Prepare
Registering precompiled user dll's ...
Registered in 0.005083 seconds.
Begin MonoManager ReloadAssembly
Native extension for WindowsStandalone target not found
Refreshing native plugins compatible for Editor in 0.55 ms, found 1 plugins.
Preloading 0 native plugins for Editor in 0.00 ms.
Invoked RoslynAnalysisRunner static constructor.
RoslynAnalysisRunner will not be running.
RoslynAnalysisRunner has terminated.
Mono: successfully reloaded assembly
- Completed reload, in  1.548 seconds
Platform modules already initialized, skipping
Shader 'Universal Render Pipeline/Particles/Lit': fallback shader 'Universal Render Pipeline/Particles/SimpleLit' not found
Refreshing native plugins compatible for Editor in 0.58 ms, found 1 plugins.
Preloading 0 native plugins for Editor in 0.00 ms.
Unloading 2946 Unused Serialized files (Serialized files now loaded: 0)
System memory in use before: 128.6 MB.
System memory in use after: 128.9 MB.

Unloading 9 unused Assets to reduce memory usage. Loaded Objects now: 3527.
Total: 3.161700 ms (FindLiveObjects: 0.311300 ms CreateObjectMapping: 0.174800 ms MarkObjects: 2.654700 ms  DeleteObjects: 0.019300 ms)

========================================================================
Received Prepare
Shader 'Universal Render Pipeline/Particles/Lit': fallback shader 'Universal Render Pipeline/Particles/SimpleLit' not found
Refreshing native plugins compatible for Editor in 13.44 ms, found 1 plugins.
Preloading 0 native plugins for Editor in 0.00 ms.
Unloading 7 Unused Serialized files (Serialized files now loaded: 0)
System memory in use before: 70.6 MB.
System memory in use after: 70.9 MB.

Unloading 7 unused Assets to reduce memory usage. Loaded Objects now: 3527.
Total: 13.318000 ms (FindLiveObjects: 0.353300 ms CreateObjectMapping: 0.198300 ms MarkObjects: 12.701500 ms  DeleteObjects: 0.062500 ms)

========================================================================
Received Prepare
Shader 'Universal Render Pipeline/Particles/Lit': fallback shader 'Universal Render Pipeline/Particles/SimpleLit' not found
Refreshing native plugins compatible for Editor in 4.53 ms, found 1 plugins.
Preloading 0 native plugins for Editor in 0.00 ms.
Unloading 7 Unused Serialized files (Serialized files now loaded: 0)
System memory in use before: 70.7 MB.
System memory in use after: 70.9 MB.

Unloading 7 unused Assets to reduce memory usage. Loaded Objects now: 3527.
Total: 3.358800 ms (FindLiveObjects: 0.306600 ms CreateObjectMapping: 0.185600 ms MarkObjects: 2.845300 ms  DeleteObjects: 0.019300 ms)

========================================================================
Received Prepare
Shader 'Universal Render Pipeline/Particles/Lit': fallback shader 'Universal Render Pipeline/Particles/SimpleLit' not found
Refreshing native plugins compatible for Editor in 5.06 ms, found 1 plugins.
Preloading 0 native plugins for Editor in 0.00 ms.
Unloading 7 Unused Serialized files (Serialized files now loaded: 0)
System memory in use before: 70.7 MB.
System memory in use after: 70.9 MB.

Unloading 7 unused Assets to reduce memory usage. Loaded Objects now: 3527.
Total: 3.912200 ms (FindLiveObjects: 0.421600 ms CreateObjectMapping: 0.395500 ms MarkObjects: 3.073000 ms  DeleteObjects: 0.020000 ms)

========================================================================
Received Import Request.
  Time since last request: 1252.321536 seconds.
  path: Assets/AstarPathfindingProject/Editor/EditorAssets/images/ArrowDown.png
  artifactKey: Guid(12ea2fbedc5cc4bd191d795f44b2de75) Importer(815301076,1909f56bfc062723c751e8b465ee728b)
Start importing Assets/AstarPathfindingProject/Editor/EditorAssets/images/ArrowDown.png using Guid(12ea2fbedc5cc4bd191d795f44b2de75) Importer(815301076,1909f56bfc062723c751e8b465ee728b)  -> (artifact id: '021d096fe8f62ffb0c10b388082bcde9') in 0.102212 seconds
  Import took 0.110288 seconds .

========================================================================
Received Import Request.
  Time since last request: 0.000192 seconds.
  path: Assets/AstarPathfindingProject/Editor/EditorAssets/images/ArrowUp.png
  artifactKey: Guid(b1722c752c8754c5281b2efd6cf8477c) Importer(815301076,1909f56bfc062723c751e8b465ee728b)
Start importing Assets/AstarPathfindingProject/Editor/EditorAssets/images/ArrowUp.png using Guid(b1722c752c8754c5281b2efd6cf8477c) Importer(815301076,1909f56bfc062723c751e8b465ee728b)  -> (artifact id: '415e9f09817e823828cb54c366f3afb4') in 0.035501 seconds
  Import took 0.043532 seconds .

========================================================================
Received Import Request.
  Time since last request: 0.000219 seconds.
  path: Assets/AstarPathfindingProject/Editor/EditorAssets/images/ArrowDown.png
  artifactKey: Guid(12ea2fbedc5cc4bd191d795f44b2de75) Importer(815301076,1909f56bfc062723c751e8b465ee728b)
Start importing Assets/AstarPathfindingProject/Editor/EditorAssets/images/ArrowDown.png using Guid(12ea2fbedc5cc4bd191d795f44b2de75) Importer(815301076,1909f56bfc062723c751e8b465ee728b)  -> (artifact id: '021d096fe8f62ffb0c10b388082bcde9') in 0.020043 seconds
  Import took 0.027348 seconds .

========================================================================
Received Import Request.
  Time since last request: 0.000206 seconds.
  path: Assets/Sprites/main_character/backward_2.png
  artifactKey: Guid(72e4e3cdc5de51c40ae1e19e237fa550) Importer(815301076,1909f56bfc062723c751e8b465ee728b)
Start importing Assets/Sprites/main_character/backward_2.png using Guid(72e4e3cdc5de51c40ae1e19e237fa550) Importer(815301076,1909f56bfc062723c751e8b465ee728b)  -> (artifact id: 'e5d36d4311b89dccac37bf86397cfa6d') in 0.088365 seconds
  Import took 0.096973 seconds .

========================================================================
Received Import Request.
  Time since last request: 0.000315 seconds.
  path: Assets/Assets/UI_Assets/BG.jpg
  artifactKey: Guid(2cd0f153b94c61b488dec37d847c73bd) Importer(815301076,1909f56bfc062723c751e8b465ee728b)
Start importing Assets/Assets/UI_Assets/BG.jpg using Guid(2cd0f153b94c61b488dec37d847c73bd) Importer(815301076,1909f56bfc062723c751e8b465ee728b)  -> (artifact id: '2fbe5c2cf2463455f345fd417328bdff') in 0.048044 seconds
  Import took 0.054434 seconds .

========================================================================
Received Import Request.
  Time since last request: 0.000182 seconds.
  path: Assets/Sprites/main_character/backward_1.png
  artifactKey: Guid(026ef4548e1ba1240a4fb456dfb1752c) Importer(815301076,1909f56bfc062723c751e8b465ee728b)
Start importing Assets/Sprites/main_character/backward_1.png using Guid(026ef4548e1ba1240a4fb456dfb1752c) Importer(815301076,1909f56bfc062723c751e8b465ee728b)  -> (artifact id: '295b603eb63091c99747c711362b5345') in 0.033423 seconds
  Import took 0.040689 seconds .

========================================================================
Received Import Request.
  Time since last request: 0.000220 seconds.
  path: Assets/AstarPathfindingProject/Editor/EditorAssets/images/ArrowDown_on.png
  artifactKey: Guid(d8951099054c64beaaa49d675d71cfcf) Importer(815301076,1909f56bfc062723c751e8b465ee728b)
Start importing Assets/AstarPathfindingProject/Editor/EditorAssets/images/ArrowDown_on.png using Guid(d8951099054c64beaaa49d675d71cfcf) Importer(815301076,1909f56bfc062723c751e8b465ee728b)  -> (artifact id: '0b2d0480697c3f429dc6fedcfedd47e8') in 0.034793 seconds
  Import took 0.042136 seconds .

========================================================================
Received Import Request.
  Time since last request: 0.000216 seconds.
  path: Assets/AstarPathfindingProject/Editor/EditorAssets/images/ArrowUp_on.png
  artifactKey: Guid(4c914fdaf554243fe9fb26afc323caef) Importer(815301076,1909f56bfc062723c751e8b465ee728b)
Start importing Assets/AstarPathfindingProject/Editor/EditorAssets/images/ArrowUp_on.png using Guid(4c914fdaf554243fe9fb26afc323caef) Importer(815301076,1909f56bfc062723c751e8b465ee728b)  -> (artifact id: '92412f74c2064a8fec6db6c6e81ed9d7') in 0.026885 seconds
  Import took 0.035074 seconds .

========================================================================
Received Import Request.
  Time since last request: 0.000058 seconds.
  path: Assets/Sprites/main_character/backward_neutral.png
  artifactKey: Guid(0aad69144efe3a04596253d1e51a657f) Importer(815301076,1909f56bfc062723c751e8b465ee728b)
Start importing Assets/Sprites/main_character/backward_neutral.png using Guid(0aad69144efe3a04596253d1e51a657f) Importer(815301076,1909f56bfc062723c751e8b465ee728b)  -> (artifact id: '2a892581db4d75ace214cab7aaa18bbe') in 0.029472 seconds
  Import took 0.047415 seconds .

========================================================================
Received Import Request.
  Time since last request: 0.000168 seconds.
  path: Assets/AstarPathfindingProject/Editor/EditorAssets/images/ArrowUp_on.png
  artifactKey: Guid(4c914fdaf554243fe9fb26afc323caef) Importer(815301076,1909f56bfc062723c751e8b465ee728b)
Start importing Assets/AstarPathfindingProject/Editor/EditorAssets/images/ArrowUp_on.png using Guid(4c914fdaf554243fe9fb26afc323caef) Importer(815301076,1909f56bfc062723c751e8b465ee728b)  -> (artifact id: '92412f74c2064a8fec6db6c6e81ed9d7') in 0.028207 seconds
  Import took 0.034253 seconds .

========================================================================
Received Import Request.
  Time since last request: 0.000172 seconds.
  path: Assets/Sprites/main_character/backward_neutral.png
  artifactKey: Guid(0aad69144efe3a04596253d1e51a657f) Importer(815301076,1909f56bfc062723c751e8b465ee728b)
Start importing Assets/Sprites/main_character/backward_neutral.png using Guid(0aad69144efe3a04596253d1e51a657f) Importer(815301076,1909f56bfc062723c751e8b465ee728b)  -> (artifact id: '2a892581db4d75ace214cab7aaa18bbe') in 0.023205 seconds
  Import took 0.029230 seconds .

========================================================================
Received Import Request.
  Time since last request: 0.520278 seconds.
  path: Assets/AstarPathfindingProject/Editor/EditorAssets/LightSkin/colorInterpolationBox.png
  artifactKey: Guid(9bf4f8f9d8795455bb87213dd56ed793) Importer(815301076,1909f56bfc062723c751e8b465ee728b)
Start importing Assets/AstarPathfindingProject/Editor/EditorAssets/LightSkin/colorInterpolationBox.png using Guid(9bf4f8f9d8795455bb87213dd56ed793) Importer(815301076,1909f56bfc062723c751e8b465ee728b)  -> (artifact id: '9744772c8dbfcbbff8e6552e4f187c23') in 0.028439 seconds
  Import took 0.037031 seconds .

========================================================================
Received Import Request.
  Time since last request: 0.000318 seconds.
  path: Assets/AstarPathfindingProject/Editor/EditorAssets/DarkSkin/colorInterpolationBox.png
  artifactKey: Guid(0790ee8db18ed49ed8369be285199835) Importer(815301076,1909f56bfc062723c751e8b465ee728b)
Start importing Assets/AstarPathfindingProject/Editor/EditorAssets/DarkSkin/colorInterpolationBox.png using Guid(0790ee8db18ed49ed8369be285199835) Importer(815301076,1909f56bfc062723c751e8b465ee728b)  -> (artifact id: 'a29f4494e8447ed964039ae303624f03') in 0.027294 seconds
  Import took 0.041674 seconds .

========================================================================
Received Import Request.
  Time since last request: 0.052872 seconds.
  path: Assets/Sprites/crying_dude/crying_0.png
  artifactKey: Guid(719cdc0d1273bd8449b8d6a44f1cf2b7) Importer(815301076,1909f56bfc062723c751e8b465ee728b)
Start importing Assets/Sprites/crying_dude/crying_0.png using Guid(719cdc0d1273bd8449b8d6a44f1cf2b7) Importer(815301076,1909f56bfc062723c751e8b465ee728b)  -> (artifact id: '19362b9be6ed0270d99d693e20787fa5') in 0.031630 seconds
  Import took 0.040231 seconds .

========================================================================
Received Import Request.
  Time since last request: 0.000209 seconds.
  path: Assets/Assets/UI_Assets/crying_0.png
  artifactKey: Guid(563a8b441f43b26498c23336144d65a2) Importer(815301076,1909f56bfc062723c751e8b465ee728b)
Start importing Assets/Assets/UI_Assets/crying_0.png using Guid(563a8b441f43b26498c23336144d65a2) Importer(815301076,1909f56bfc062723c751e8b465ee728b)  -> (artifact id: '3673c6ac1d725ada90fdf5435060fa96') in 0.035019 seconds
  Import took 0.045760 seconds .

========================================================================
Received Import Request.
  Time since last request: 0.000186 seconds.
  path: Assets/Sprites/crying_dude/crying_2.png
  artifactKey: Guid(dce712f29387afd46b5e115d0b817b75) Importer(815301076,1909f56bfc062723c751e8b465ee728b)
Start importing Assets/Sprites/crying_dude/crying_2.png using Guid(dce712f29387afd46b5e115d0b817b75) Importer(815301076,1909f56bfc062723c751e8b465ee728b)  -> (artifact id: 'f26954b8a82f5549a52939e0007412b7') in 0.039002 seconds
  Import took 0.046519 seconds .

========================================================================
Received Import Request.
  Time since last request: 0.000231 seconds.
  path: Assets/Sprites/crying_dude/crying_1.png
  artifactKey: Guid(4222fef7582245a4fbf1d7412dc831b4) Importer(815301076,1909f56bfc062723c751e8b465ee728b)
Start importing Assets/Sprites/crying_dude/crying_1.png using Guid(4222fef7582245a4fbf1d7412dc831b4) Importer(815301076,1909f56bfc062723c751e8b465ee728b)  -> (artifact id: '4b74b69dae0a83b34950770e493cd2eb') in 0.036740 seconds
  Import took 0.043232 seconds .

========================================================================
Received Import Request.
  Time since last request: 0.188718 seconds.
  path: Assets/Sprites/crying_dude/crying_3.png
  artifactKey: Guid(7ed2aa7b7b304844fb4d1ab7fb40e65a) Importer(815301076,1909f56bfc062723c751e8b465ee728b)
Start importing Assets/Sprites/crying_dude/crying_3.png using Guid(7ed2aa7b7b304844fb4d1ab7fb40e65a) Importer(815301076,1909f56bfc062723c751e8b465ee728b)  -> (artifact id: '42db198b17f460f2ea6aa70d16728968') in 0.037027 seconds
  Import took 0.047741 seconds .

========================================================================
Received Import Request.
  Time since last request: 0.000243 seconds.
  path: Assets/AstarPathfindingProject/Editor/EditorAssets/LightSkin/deleteButton@1x.png
  artifactKey: Guid(3240f334343ca4dee8239c16d2de57c6) Importer(815301076,1909f56bfc062723c751e8b465ee728b)
Start importing Assets/AstarPathfindingProject/Editor/EditorAssets/LightSkin/deleteButton@1x.png using Guid(3240f334343ca4dee8239c16d2de57c6) Importer(815301076,1909f56bfc062723c751e8b465ee728b)  -> (artifact id: '1c537df06846ed9ff0c7c5cb153f11d2') in 0.037116 seconds
  Import took 0.042877 seconds .

========================================================================
Received Import Request.
  Time since last request: 0.000229 seconds.
  path: Assets/Sprites/crying_dude/crying_3.png
  artifactKey: Guid(7ed2aa7b7b304844fb4d1ab7fb40e65a) Importer(815301076,1909f56bfc062723c751e8b465ee728b)
Start importing Assets/Sprites/crying_dude/crying_3.png using Guid(7ed2aa7b7b304844fb4d1ab7fb40e65a) Importer(815301076,1909f56bfc062723c751e8b465ee728b)  -> (artifact id: '42db198b17f460f2ea6aa70d16728968') in 0.023492 seconds
  Import took 0.030225 seconds .

========================================================================
Received Import Request.
  Time since last request: 0.000200 seconds.
  path: Assets/AstarPathfindingProject/Editor/EditorAssets/LightSkin/deleteButton@2x.png
  artifactKey: Guid(6444e8eb74e6f40e0a966d1e26744d08) Importer(815301076,1909f56bfc062723c751e8b465ee728b)
Start importing Assets/AstarPathfindingProject/Editor/EditorAssets/LightSkin/deleteButton@2x.png using Guid(6444e8eb74e6f40e0a966d1e26744d08) Importer(815301076,1909f56bfc062723c751e8b465ee728b)  -> (artifact id: '4578c533e4b5df30c5eaf422baf0c239') in 0.031894 seconds
  Import took 0.037515 seconds .

========================================================================
Received Import Request.
  Time since last request: 0.000183 seconds.
  path: Assets/AstarPathfindingProject/Editor/EditorAssets/DarkSkin/deleteButton@1x.png
  artifactKey: Guid(b5a4a564ac2dc4261a13719673f157e1) Importer(815301076,1909f56bfc062723c751e8b465ee728b)
Start importing Assets/AstarPathfindingProject/Editor/EditorAssets/DarkSkin/deleteButton@1x.png using Guid(b5a4a564ac2dc4261a13719673f157e1) Importer(815301076,1909f56bfc062723c751e8b465ee728b)  -> (artifact id: '8a60b355398d157e884272ee6a244139') in 0.021689 seconds
  Import took 0.028454 seconds .

========================================================================
Received Import Request.
  Time since last request: 0.000225 seconds.
  path: Assets/AstarPathfindingProject/Editor/EditorAssets/DarkSkin/deleteButton_active@2x.png
  artifactKey: Guid(b9d7d6d7befb34b9c889e6195746c452) Importer(815301076,1909f56bfc062723c751e8b465ee728b)
Start importing Assets/AstarPathfindingProject/Editor/EditorAssets/DarkSkin/deleteButton_active@2x.png using Guid(b9d7d6d7befb34b9c889e6195746c452) Importer(815301076,1909f56bfc062723c751e8b465ee728b)  -> (artifact id: '7fa7ab4e1fbca425dc8c072507d65265') in 0.030250 seconds
  Import took 0.035936 seconds .

========================================================================
Received Import Request.
  Time since last request: 0.000176 seconds.
  path: Assets/AstarPathfindingProject/Editor/EditorAssets/DarkSkin/deleteButton@2x.png
  artifactKey: Guid(c730485723dee4bcbad9d8a7593a8799) Importer(815301076,1909f56bfc062723c751e8b465ee728b)
Start importing Assets/AstarPathfindingProject/Editor/EditorAssets/DarkSkin/deleteButton@2x.png using Guid(c730485723dee4bcbad9d8a7593a8799) Importer(815301076,1909f56bfc062723c751e8b465ee728b)  -> (artifact id: '9fd7517a3832081e5ba6f19a1750d1c9') in 0.023211 seconds
  Import took 0.030120 seconds .

========================================================================
Received Import Request.
  Time since last request: 0.000055 seconds.
  path: Assets/AstarPathfindingProject/Editor/EditorAssets/LightSkin/deleteButton_active@1x.png
  artifactKey: Guid(c051ffc737cd54d909137d2937e82930) Importer(815301076,1909f56bfc062723c751e8b465ee728b)
Start importing Assets/AstarPathfindingProject/Editor/EditorAssets/LightSkin/deleteButton_active@1x.png using Guid(c051ffc737cd54d909137d2937e82930) Importer(815301076,1909f56bfc062723c751e8b465ee728b)  -> (artifact id: '378de3ccd78ed342aa9797244a22d24a') in 0.040400 seconds
  Import took 0.046176 seconds .

========================================================================
Received Import Request.
  Time since last request: 0.000178 seconds.
  path: Assets/AstarPathfindingProject/Editor/EditorAssets/DarkSkin/deleteButton@2x.png
  artifactKey: Guid(c730485723dee4bcbad9d8a7593a8799) Importer(815301076,1909f56bfc062723c751e8b465ee728b)
Start importing Assets/AstarPathfindingProject/Editor/EditorAssets/DarkSkin/deleteButton@2x.png using Guid(c730485723dee4bcbad9d8a7593a8799) Importer(815301076,1909f56bfc062723c751e8b465ee728b)  -> (artifact id: '9fd7517a3832081e5ba6f19a1750d1c9') in 0.023494 seconds
  Import took 0.030345 seconds .

========================================================================
Received Import Request.
  Time since last request: 0.000052 seconds.
  path: Assets/AstarPathfindingProject/Editor/EditorAssets/DarkSkin/deleteButton_active@1x.png
  artifactKey: Guid(d0f7738d6b5b2420b9a77bfef3926e2a) Importer(815301076,1909f56bfc062723c751e8b465ee728b)
Start importing Assets/AstarPathfindingProject/Editor/EditorAssets/DarkSkin/deleteButton_active@1x.png using Guid(d0f7738d6b5b2420b9a77bfef3926e2a) Importer(815301076,1909f56bfc062723c751e8b465ee728b)  -> (artifact id: '13c7daa7ca688642606ef883e5d8a02e') in 0.052177 seconds
  Import took 0.059983 seconds .

========================================================================
Received Import Request.
  Time since last request: 0.000212 seconds.
  path: Assets/AstarPathfindingProject/Editor/EditorAssets/DarkSkin/editButton@2x.png
  artifactKey: Guid(e8ebb72a41d314b288545fddfd20cafd) Importer(815301076,1909f56bfc062723c751e8b465ee728b)
Start importing Assets/AstarPathfindingProject/Editor/EditorAssets/DarkSkin/editButton@2x.png using Guid(e8ebb72a41d314b288545fddfd20cafd) Importer(815301076,1909f56bfc062723c751e8b465ee728b)  -> (artifact id: '5cac132dbc6626a5cb3e5a8e50e50337') in 0.022144 seconds
  Import took 0.050560 seconds .

========================================================================
Received Import Request.
  Time since last request: 0.000081 seconds.
  path: Assets/AstarPathfindingProject/Editor/EditorAssets/LightSkin/editButton_active@1x.png
  artifactKey: Guid(3354fe2e1951d420fa49d8f4fec2954b) Importer(815301076,1909f56bfc062723c751e8b465ee728b)
Start importing Assets/AstarPathfindingProject/Editor/EditorAssets/LightSkin/editButton_active@1x.png using Guid(3354fe2e1951d420fa49d8f4fec2954b) Importer(815301076,1909f56bfc062723c751e8b465ee728b)  -> (artifact id: '69adbc1ff1fa923d6ce0e3e31f14ee21') in 0.036204 seconds
  Import took 0.044398 seconds .

========================================================================
Received Import Request.
  Time since last request: 0.000192 seconds.
  path: Assets/AstarPathfindingProject/Editor/EditorAssets/DarkSkin/editButton@1x.png
  artifactKey: Guid(705155b2c3fce47f0a818ac32d5abe3f) Importer(815301076,1909f56bfc062723c751e8b465ee728b)
Start importing Assets/AstarPathfindingProject/Editor/EditorAssets/DarkSkin/editButton@1x.png using Guid(705155b2c3fce47f0a818ac32d5abe3f) Importer(815301076,1909f56bfc062723c751e8b465ee728b)  -> (artifact id: 'aa15493708a6998d058dc238614995a4') in 0.027818 seconds
  Import took 0.034390 seconds .

========================================================================
Received Import Request.
  Time since last request: 0.000193 seconds.
  path: Assets/AstarPathfindingProject/Editor/EditorAssets/LightSkin/deleteButton_active@2x.png
  artifactKey: Guid(19e49615b2c8540fd8a11acd2a26c335) Importer(815301076,1909f56bfc062723c751e8b465ee728b)
Start importing Assets/AstarPathfindingProject/Editor/EditorAssets/LightSkin/deleteButton_active@2x.png using Guid(19e49615b2c8540fd8a11acd2a26c335) Importer(815301076,1909f56bfc062723c751e8b465ee728b)  -> (artifact id: 'ce86d54c90636b5d3c202aa7c1c04bae') in 0.028628 seconds
  Import took 0.036829 seconds .

========================================================================
Received Import Request.
  Time since last request: 0.000052 seconds.
  path: Assets/AstarPathfindingProject/Editor/EditorAssets/LightSkin/editButton@1x.png
  artifactKey: Guid(71ef598858974450ead310c33f29d5d3) Importer(815301076,1909f56bfc062723c751e8b465ee728b)
Start importing Assets/AstarPathfindingProject/Editor/EditorAssets/LightSkin/editButton@1x.png using Guid(71ef598858974450ead310c33f29d5d3) Importer(815301076,1909f56bfc062723c751e8b465ee728b)  -> (artifact id: '745fff7e94c1cd1a708b087b5b6557ba') in 0.022534 seconds
  Import took 0.029243 seconds .

========================================================================
Received Import Request.
  Time since last request: 0.000192 seconds.
  path: Assets/AstarPathfindingProject/Editor/EditorAssets/DarkSkin/editButton_active@2x.png
  artifactKey: Guid(f6a4baf90a7bb4e4a92abe07f1a0a9d3) Importer(815301076,1909f56bfc062723c751e8b465ee728b)
Start importing Assets/AstarPathfindingProject/Editor/EditorAssets/DarkSkin/editButton_active@2x.png using Guid(f6a4baf90a7bb4e4a92abe07f1a0a9d3) Importer(815301076,1909f56bfc062723c751e8b465ee728b)  -> (artifact id: 'ba1136989db0379d9c3a0da5b7419c63') in 0.032015 seconds
  Import took 0.038459 seconds .

========================================================================
Received Import Request.
  Time since last request: 0.000188 seconds.
  path: Assets/AstarPathfindingProject/Editor/EditorAssets/LightSkin/editButton@2x.png
  artifactKey: Guid(7e276a83ed42e4e3584a50b6084eef8d) Importer(815301076,1909f56bfc062723c751e8b465ee728b)
Start importing Assets/AstarPathfindingProject/Editor/EditorAssets/LightSkin/editButton@2x.png using Guid(7e276a83ed42e4e3584a50b6084eef8d) Importer(815301076,1909f56bfc062723c751e8b465ee728b)  -> (artifact id: '5901d1193c491155f6afe86699abe557') in 0.021832 seconds
  Import took 0.028837 seconds .

========================================================================
Received Import Request.
  Time since last request: 0.000211 seconds.
  path: Assets/Sprites/crazy_woman/evil_backward_1.png
  artifactKey: Guid(d341217a0c66cb64599e20f122361337) Importer(815301076,1909f56bfc062723c751e8b465ee728b)
Start importing Assets/Sprites/crazy_woman/evil_backward_1.png using Guid(d341217a0c66cb64599e20f122361337) Importer(815301076,1909f56bfc062723c751e8b465ee728b)  -> (artifact id: 'ca634b2cc0bf8a1393d3b052adf3917b') in 0.042922 seconds
  Import took 0.054141 seconds .

========================================================================
Received Import Request.
  Time since last request: 0.000180 seconds.
  path: Assets/Sprites/crazy_woman/evil_forward_1.png
  artifactKey: Guid(d7126cf7d4c9a264195e09f197d7ca3d) Importer(815301076,1909f56bfc062723c751e8b465ee728b)
Start importing Assets/Sprites/crazy_woman/evil_forward_1.png using Guid(d7126cf7d4c9a264195e09f197d7ca3d) Importer(815301076,1909f56bfc062723c751e8b465ee728b)  -> (artifact id: '4903931a802c20abc4e196a487ed313f') in 0.034991 seconds
  Import took 0.041237 seconds .

========================================================================
Received Import Request.
  Time since last request: 0.000233 seconds.
  path: Assets/Sprites/crazy_woman/evil_forward_2.png
  artifactKey: Guid(ab665adbef13cd445a7cc341bd3f804e) Importer(815301076,1909f56bfc062723c751e8b465ee728b)
Start importing Assets/Sprites/crazy_woman/evil_forward_2.png using Guid(ab665adbef13cd445a7cc341bd3f804e) Importer(815301076,1909f56bfc062723c751e8b465ee728b)  -> (artifact id: '89d37450fdc9c73cf5b4a0dd463a7506') in 0.031742 seconds
  Import took 0.038351 seconds .

========================================================================
Received Import Request.
  Time since last request: 0.000202 seconds.
  path: Assets/Sprites/crazy_woman/evil_backward_2.png
  artifactKey: Guid(b2c1a655f8ad7cd48980735f4ed1427f) Importer(815301076,1909f56bfc062723c751e8b465ee728b)
Start importing Assets/Sprites/crazy_woman/evil_backward_2.png using Guid(b2c1a655f8ad7cd48980735f4ed1427f) Importer(815301076,1909f56bfc062723c751e8b465ee728b)  -> (artifact id: 'a051bdb40114079e1905081c6162238e') in 0.032473 seconds
  Import took 0.038769 seconds .

========================================================================
Received Import Request.
  Time since last request: 0.000116 seconds.
  path: Assets/Sprites/crazy_woman/evil_left_1.png
  artifactKey: Guid(8185882b3ce24854b86c5eb65bbb0ff6) Importer(815301076,1909f56bfc062723c751e8b465ee728b)
Start importing Assets/Sprites/crazy_woman/evil_left_1.png using Guid(8185882b3ce24854b86c5eb65bbb0ff6) Importer(815301076,1909f56bfc062723c751e8b465ee728b)  -> (artifact id: '6336d16613953bc70e9f9f541c5e4170') in 0.034460 seconds
  Import took 0.042453 seconds .

========================================================================
Received Import Request.
  Time since last request: 0.000194 seconds.
  path: Assets/Sprites/crazy_woman/evil_right_2.png
  artifactKey: Guid(db644069c3033104fbb724a2f1892cb2) Importer(815301076,1909f56bfc062723c751e8b465ee728b)
Start importing Assets/Sprites/crazy_woman/evil_right_2.png using Guid(db644069c3033104fbb724a2f1892cb2) Importer(815301076,1909f56bfc062723c751e8b465ee728b)  -> (artifact id: 'e45c87f4216a205908b3424f930e27f6') in 0.028631 seconds
  Import took 0.036553 seconds .

========================================================================
Received Import Request.
  Time since last request: 0.000279 seconds.
  path: Assets/Sprites/crazy_woman/evil_left_2.png
  artifactKey: Guid(1fe7cc51882cd784bb8d0d5a33b26b1a) Importer(815301076,1909f56bfc062723c751e8b465ee728b)
Start importing Assets/Sprites/crazy_woman/evil_left_2.png using Guid(1fe7cc51882cd784bb8d0d5a33b26b1a) Importer(815301076,1909f56bfc062723c751e8b465ee728b)  -> (artifact id: 'c1fd2e7da87da6b85e2213537606bdd0') in 0.034456 seconds
  Import took 0.040021 seconds .

========================================================================
Received Import Request.
  Time since last request: 0.000185 seconds.
  path: Assets/Fonts/RealHorror-Regular.ttf
  artifactKey: Guid(90bb501466dc9f64ead6e0b20f37b6ec) Importer(815301076,1909f56bfc062723c751e8b465ee728b)
Start importing Assets/Fonts/RealHorror-Regular.ttf using Guid(90bb501466dc9f64ead6e0b20f37b6ec) Importer(815301076,1909f56bfc062723c751e8b465ee728b)  -> (artifact id: '74fb99d38648231f162f9560816f2d73') in 0.253144 seconds
  Import took 0.258938 seconds .

========================================================================
Received Import Request.
  Time since last request: 0.000203 seconds.
  path: Assets/Sprites/crazy_woman/evil_forward_neutral.png
  artifactKey: Guid(9eca32f05fba59946bac98b9b5929fc5) Importer(815301076,1909f56bfc062723c751e8b465ee728b)
Start importing Assets/Sprites/crazy_woman/evil_forward_neutral.png using Guid(9eca32f05fba59946bac98b9b5929fc5) Importer(815301076,1909f56bfc062723c751e8b465ee728b)  -> (artifact id: '178f7e7966fab14b31b5b77d52b6a13b') in 0.031391 seconds
  Import took 0.037062 seconds .

========================================================================
Received Import Request.
  Time since last request: 0.000189 seconds.
  path: Assets/Sprites/crazy_woman/evil_right_1.png
  artifactKey: Guid(ebcde3e922be283418200ef30c06ad76) Importer(815301076,1909f56bfc062723c751e8b465ee728b)
Start importing Assets/Sprites/crazy_woman/evil_right_1.png using Guid(ebcde3e922be283418200ef30c06ad76) Importer(815301076,1909f56bfc062723c751e8b465ee728b)  -> (artifact id: '8d581d64aa871f637d20f2874ce214a6') in 0.037195 seconds
  Import took 0.043100 seconds .

========================================================================
Received Import Request.
  Time since last request: 0.000321 seconds.
  path: Assets/AstarPathfindingProject/Editor/EditorAssets/LightSkin/editButton_active@2x.png
  artifactKey: Guid(f7ae6f90d33d043c684812513307ec16) Importer(815301076,1909f56bfc062723c751e8b465ee728b)
Start importing Assets/AstarPathfindingProject/Editor/EditorAssets/LightSkin/editButton_active@2x.png using Guid(f7ae6f90d33d043c684812513307ec16) Importer(815301076,1909f56bfc062723c751e8b465ee728b)  -> (artifact id: 'd3acf17e9eb240b29e1bf3d679fba7a5') in 0.020612 seconds
  Import took 0.026854 seconds .

========================================================================
Received Import Request.
  Time since last request: 0.000194 seconds.
  path: Assets/AstarPathfindingProject/Editor/EditorAssets/DarkSkin/gizmoButton_off@1x.png
  artifactKey: Guid(b05124c2b9dc5429a84ef0195a916fce) Importer(815301076,1909f56bfc062723c751e8b465ee728b)
Start importing Assets/AstarPathfindingProject/Editor/EditorAssets/DarkSkin/gizmoButton_off@1x.png using Guid(b05124c2b9dc5429a84ef0195a916fce) Importer(815301076,1909f56bfc062723c751e8b465ee728b)  -> (artifact id: '3abd1f858fe47bf2654b2031b7cae264') in 0.031444 seconds
  Import took 0.038618 seconds .

========================================================================
Received Import Request.
  Time since last request: 0.000521 seconds.
  path: Assets/AstarPathfindingProject/Editor/EditorAssets/LightSkin/gizmoButton_off@1x.png
  artifactKey: Guid(c780955fc9d0f458abc0de8f2f9cedb2) Importer(815301076,1909f56bfc062723c751e8b465ee728b)
Start importing Assets/AstarPathfindingProject/Editor/EditorAssets/LightSkin/gizmoButton_off@1x.png using Guid(c780955fc9d0f458abc0de8f2f9cedb2) Importer(815301076,1909f56bfc062723c751e8b465ee728b)  -> (artifact id: 'd8e02d92728e3f2acb6d86220a1ab3a0') in 0.021235 seconds
  Import took 0.028014 seconds .

========================================================================
Received Import Request.
  Time since last request: 0.000087 seconds.
  path: Assets/AstarPathfindingProject/Editor/EditorAssets/DarkSkin/gizmoButton_off@2x.png
  artifactKey: Guid(3772050cdbd2a472789aa76d6de5b270) Importer(815301076,1909f56bfc062723c751e8b465ee728b)
Start importing Assets/AstarPathfindingProject/Editor/EditorAssets/DarkSkin/gizmoButton_off@2x.png using Guid(3772050cdbd2a472789aa76d6de5b270) Importer(815301076,1909f56bfc062723c751e8b465ee728b)  -> (artifact id: '5e61124ea4bd9a337b31d721c1e85618') in 0.048868 seconds
  Import took 0.056281 seconds .

========================================================================
Received Import Request.
  Time since last request: 0.000253 seconds.
  path: Assets/AstarPathfindingProject/Editor/EditorAssets/LightSkin/gizmoButton_on@2x.png
  artifactKey: Guid(731ce0beec302410299a12fa1da2dc54) Importer(815301076,1909f56bfc062723c751e8b465ee728b)
Start importing Assets/AstarPathfindingProject/Editor/EditorAssets/LightSkin/gizmoButton_on@2x.png using Guid(731ce0beec302410299a12fa1da2dc54) Importer(815301076,1909f56bfc062723c751e8b465ee728b)  -> (artifact id: 'c6f001ec82684b8dab6f8831f0104d97') in 0.032217 seconds
  Import took 0.038385 seconds .

========================================================================
Received Import Request.
  Time since last request: 0.000207 seconds.
  path: Assets/AstarPathfindingProject/Editor/EditorAssets/DarkSkin/gizmoButton_on@2x.png
  artifactKey: Guid(a454b67ef7bd04780aca99e364202679) Importer(815301076,1909f56bfc062723c751e8b465ee728b)
Start importing Assets/AstarPathfindingProject/Editor/EditorAssets/DarkSkin/gizmoButton_on@2x.png using Guid(a454b67ef7bd04780aca99e364202679) Importer(815301076,1909f56bfc062723c751e8b465ee728b)  -> (artifact id: 'b3730e4ce8669d91d34040b66731c73a') in 0.018374 seconds
  Import took 0.023877 seconds .

========================================================================
Received Import Request.
  Time since last request: 0.000224 seconds.
  path: Assets/AstarPathfindingProject/Editor/EditorAssets/DarkSkin/gizmoButton_on@1x.png
  artifactKey: Guid(54ad5f6eb8a9349568e58cd1204388a2) Importer(815301076,1909f56bfc062723c751e8b465ee728b)
Start importing Assets/AstarPathfindingProject/Editor/EditorAssets/DarkSkin/gizmoButton_on@1x.png using Guid(54ad5f6eb8a9349568e58cd1204388a2) Importer(815301076,1909f56bfc062723c751e8b465ee728b)  -> (artifact id: '426db113c852eeda836650c7711140ef') in 0.038242 seconds
  Import took 0.044445 seconds .

========================================================================
Received Import Request.
  Time since last request: 0.000187 seconds.
  path: Assets/Sprites/main_character/forward_2.png
  artifactKey: Guid(adaa221d8c42a8b4a8c3f48cb4857ecb) Importer(815301076,1909f56bfc062723c751e8b465ee728b)
Start importing Assets/Sprites/main_character/forward_2.png using Guid(adaa221d8c42a8b4a8c3f48cb4857ecb) Importer(815301076,1909f56bfc062723c751e8b465ee728b)  -> (artifact id: '633cba94353b1ce5c2d570dcf7e563be') in 0.032237 seconds
  Import took 0.038717 seconds .

========================================================================
Received Import Request.
  Time since last request: 0.000306 seconds.
  path: Assets/Sprites/main_character/forward_neutral.png
  artifactKey: Guid(5f1d5695c6de82f42948dd487c2de462) Importer(815301076,1909f56bfc062723c751e8b465ee728b)
Start importing Assets/Sprites/main_character/forward_neutral.png using Guid(5f1d5695c6de82f42948dd487c2de462) Importer(815301076,1909f56bfc062723c751e8b465ee728b)  -> (artifact id: '3e19d43dc3ee7479e44fcd769d8b6ad9') in 0.035562 seconds
  Import took 0.042552 seconds .

========================================================================
Received Import Request.
  Time since last request: 0.000177 seconds.
  path: Assets/AstarPathfindingProject/Editor/EditorAssets/DarkSkin/editButton_active@1x.png
  artifactKey: Guid(e0cb3cc51f25a48bf8b0c647452b09b1) Importer(815301076,1909f56bfc062723c751e8b465ee728b)
Start importing Assets/AstarPathfindingProject/Editor/EditorAssets/DarkSkin/editButton_active@1x.png using Guid(e0cb3cc51f25a48bf8b0c647452b09b1) Importer(815301076,1909f56bfc062723c751e8b465ee728b)  -> (artifact id: 'ab5ead13afe5c6fd3f3a588a388b55d3') in 0.021905 seconds
  Import took 0.029181 seconds .

========================================================================
Received Import Request.
  Time since last request: 0.000690 seconds.
  path: Assets/AstarPathfindingProject/Editor/EditorAssets/LightSkin/gizmoButton_on@1x.png
  artifactKey: Guid(455f4fe795672465c8a4e8db3c6b9ccb) Importer(815301076,1909f56bfc062723c751e8b465ee728b)
Start importing Assets/AstarPathfindingProject/Editor/EditorAssets/LightSkin/gizmoButton_on@1x.png using Guid(455f4fe795672465c8a4e8db3c6b9ccb) Importer(815301076,1909f56bfc062723c751e8b465ee728b)  -> (artifact id: '5be7fe50c552d26270ea7872c87e32f4') in 0.025863 seconds
  Import took 0.033289 seconds .

========================================================================
Received Import Request.
  Time since last request: 0.000099 seconds.
  path: Assets/AstarPathfindingProject/Editor/EditorAssets/LightSkin/gizmoButton_off@2x.png
  artifactKey: Guid(deb2afb942c3b42fbba8823da7f05894) Importer(815301076,1909f56bfc062723c751e8b465ee728b)
Start importing Assets/AstarPathfindingProject/Editor/EditorAssets/LightSkin/gizmoButton_off@2x.png using Guid(deb2afb942c3b42fbba8823da7f05894) Importer(815301076,1909f56bfc062723c751e8b465ee728b)  -> (artifact id: '5122a1b8f40088145bd6eae87d607f6b') in 0.022650 seconds
  Import took 0.030545 seconds .

========================================================================
Received Import Request.
  Time since last request: 0.000228 seconds.
  path: Assets/Sprites/grass_0.png
  artifactKey: Guid(970180aff2b730341b4f0f54dd18aa62) Importer(815301076,1909f56bfc062723c751e8b465ee728b)
Start importing Assets/Sprites/grass_0.png using Guid(970180aff2b730341b4f0f54dd18aa62) Importer(815301076,1909f56bfc062723c751e8b465ee728b)  -> (artifact id: '24145c7d1c364a229c94e023f6ab4b3a') in 0.033406 seconds
  Import took 0.041379 seconds .

========================================================================
Received Import Request.
  Time since last request: 0.000187 seconds.
  path: Assets/Sprites/grass_1.png
  artifactKey: Guid(98cc0ff7dfcde9d4e9638cb046e87388) Importer(815301076,1909f56bfc062723c751e8b465ee728b)
Start importing Assets/Sprites/grass_1.png using Guid(98cc0ff7dfcde9d4e9638cb046e87388) Importer(815301076,1909f56bfc062723c751e8b465ee728b)  -> (artifact id: 'd8fc26131dd75edb0bbd2eb77fc516da') in 0.035219 seconds
  Import took 0.041880 seconds .

========================================================================
Received Import Request.
  Time since last request: 0.000188 seconds.
  path: Assets/AstarPathfindingProject/Editor/EditorAssets/DarkSkin/gridPivotSelect.png
  artifactKey: Guid(11b8d44fcb3cf4c048a576df708e0ec6) Importer(815301076,1909f56bfc062723c751e8b465ee728b)
Start importing Assets/AstarPathfindingProject/Editor/EditorAssets/DarkSkin/gridPivotSelect.png using Guid(11b8d44fcb3cf4c048a576df708e0ec6) Importer(815301076,1909f56bfc062723c751e8b465ee728b)  -> (artifact id: 'c69db07c34a8e78a5c20b79d9170696a') in 0.027135 seconds
  Import took 0.033023 seconds .

========================================================================
Received Import Request.
  Time since last request: 0.000192 seconds.
  path: Assets/AstarPathfindingProject/Editor/EditorAssets/grid.psd
  artifactKey: Guid(527965173b00f43f9a1b8fc9e8c2e64b) Importer(815301076,1909f56bfc062723c751e8b465ee728b)
Start importing Assets/AstarPathfindingProject/Editor/EditorAssets/grid.psd using Guid(527965173b00f43f9a1b8fc9e8c2e64b) Importer(815301076,1909f56bfc062723c751e8b465ee728b)  -> (artifact id: '9812acd415570db86a966c74905853aa') in 0.038024 seconds
  Import took 0.044026 seconds .

========================================================================
Received Import Request.
  Time since last request: 0.000188 seconds.
  path: Assets/AstarPathfindingProject/Editor/EditorAssets/DarkSkin/images/gridPivotSelect_Normal.png
  artifactKey: Guid(37972c32346084c13bfddb8c3dbed143) Importer(815301076,1909f56bfc062723c751e8b465ee728b)
Start importing Assets/AstarPathfindingProject/Editor/EditorAssets/DarkSkin/images/gridPivotSelect_Normal.png using Guid(37972c32346084c13bfddb8c3dbed143) Importer(815301076,1909f56bfc062723c751e8b465ee728b)  -> (artifact id: '33359d398547c66f8b7d7aeccd3441fb') in 0.025220 seconds
  Import took 0.031429 seconds .

========================================================================
Received Import Request.
  Time since last request: 0.000180 seconds.
  path: Assets/AstarPathfindingProject/Editor/EditorAssets/images/gridPivotSelect.png
  artifactKey: Guid(b593db43606434498a7200f8281297d8) Importer(815301076,1909f56bfc062723c751e8b465ee728b)
Start importing Assets/AstarPathfindingProject/Editor/EditorAssets/images/gridPivotSelect.png using Guid(b593db43606434498a7200f8281297d8) Importer(815301076,1909f56bfc062723c751e8b465ee728b)  -> (artifact id: '665ca331b2bc9b11c619829027bc02c1') in 0.026090 seconds
  Import took 0.032984 seconds .

========================================================================
Received Import Request.
  Time since last request: 0.000179 seconds.
  path: Assets/AstarPathfindingProject/Editor/EditorAssets/DarkSkin/images/gridPivotSelect-03.png
  artifactKey: Guid(0758c9e42111d4aec99694c875e9badc) Importer(815301076,1909f56bfc062723c751e8b465ee728b)
Start importing Assets/AstarPathfindingProject/Editor/EditorAssets/DarkSkin/images/gridPivotSelect-03.png using Guid(0758c9e42111d4aec99694c875e9badc) Importer(815301076,1909f56bfc062723c751e8b465ee728b)  -> (artifact id: '58e2a71de6ced8996f5cc1c5cef3f7fd') in 0.029021 seconds
  Import took 0.034792 seconds .

========================================================================
Received Import Request.
  Time since last request: 0.000169 seconds.
  path: Assets/AstarPathfindingProject/Editor/EditorAssets/DarkSkin/images/gridPivotSelect.png
  artifactKey: Guid(5006aa4ede39e49198b851d98e267b5d) Importer(815301076,1909f56bfc062723c751e8b465ee728b)
Start importing Assets/AstarPathfindingProject/Editor/EditorAssets/DarkSkin/images/gridPivotSelect.png using Guid(5006aa4ede39e49198b851d98e267b5d) Importer(815301076,1909f56bfc062723c751e8b465ee728b)  -> (artifact id: '7dbc02242d73c76bd629b3cfa02d58af') in 0.043464 seconds
  Import took 0.049869 seconds .

========================================================================
Received Import Request.
  Time since last request: 0.000207 seconds.
  path: Assets/Sprites/main_character/forward_1.png
  artifactKey: Guid(e2b2bc28c0a64fa40a99fea82546faa3) Importer(815301076,1909f56bfc062723c751e8b465ee728b)
Start importing Assets/Sprites/main_character/forward_1.png using Guid(e2b2bc28c0a64fa40a99fea82546faa3) Importer(815301076,1909f56bfc062723c751e8b465ee728b)  -> (artifact id: '8050171ee1d34a2037c3f92416570efc') in 0.035897 seconds
  Import took 0.053452 seconds .

========================================================================
Received Import Request.
  Time since last request: 0.000258 seconds.
  path: Assets/Sprites/crazy_woman/evil_backward_neutral.png
  artifactKey: Guid(e2dc03f41e93678468ec14df8b5dadf2) Importer(815301076,1909f56bfc062723c751e8b465ee728b)
Start importing Assets/Sprites/crazy_woman/evil_backward_neutral.png using Guid(e2dc03f41e93678468ec14df8b5dadf2) Importer(815301076,1909f56bfc062723c751e8b465ee728b)  -> (artifact id: 'e90fc8468f4c8e8b6ad878c47e7b5922') in 0.034767 seconds
  Import took 0.044172 seconds .

========================================================================
Received Prepare
Shader 'Universal Render Pipeline/Particles/Lit': fallback shader 'Universal Render Pipeline/Particles/SimpleLit' not found
Refreshing native plugins compatible for Editor in 4.83 ms, found 1 plugins.
Preloading 0 native plugins for Editor in 0.00 ms.
Unloading 7 Unused Serialized files (Serialized files now loaded: 0)
System memory in use before: 76.0 MB.
System memory in use after: 76.2 MB.

Unloading 7 unused Assets to reduce memory usage. Loaded Objects now: 3653.
Total: 3.760500 ms (FindLiveObjects: 0.323300 ms CreateObjectMapping: 0.168900 ms MarkObjects: 3.225300 ms  DeleteObjects: 0.041200 ms)

========================================================================
Received Import Request.
  Time since last request: 240.578789 seconds.
  path: Assets/Assets/UI_Assets/logo.png
  artifactKey: Guid(279262ddab4eef54bb0e4ac0b5314425) Importer(815301076,1909f56bfc062723c751e8b465ee728b)
Start importing Assets/Assets/UI_Assets/logo.png using Guid(279262ddab4eef54bb0e4ac0b5314425) Importer(815301076,1909f56bfc062723c751e8b465ee728b)  -> (artifact id: '24997a6c31195c50ffcb6efa72a8f85a') in 0.036045 seconds
  Import took 0.054316 seconds .

========================================================================
Received Import Request.
  Time since last request: 0.000212 seconds.
  path: Assets/Assets/UI_Assets/Pause Button Asset.png
  artifactKey: Guid(9359f01655b9c764c9cc2272fc9b76d5) Importer(815301076,1909f56bfc062723c751e8b465ee728b)
Start importing Assets/Assets/UI_Assets/Pause Button Asset.png using Guid(9359f01655b9c764c9cc2272fc9b76d5) Importer(815301076,1909f56bfc062723c751e8b465ee728b)  -> (artifact id: '02572c3e138f9e58825b4934f1cd89b1') in 0.082505 seconds
  Import took 0.088277 seconds .

========================================================================
Received Import Request.
  Time since last request: 21.452189 seconds.
  path: Packages/com.unity.2d.animation/package.json
  artifactKey: Guid(9e83c20a8293f44ec8a375d3805f477d) Importer(815301076,1909f56bfc062723c751e8b465ee728b)
Start importing Packages/com.unity.2d.animation/package.json using Guid(9e83c20a8293f44ec8a375d3805f477d) Importer(815301076,1909f56bfc062723c751e8b465ee728b)  -> (artifact id: '9551e9228c7b4571c8c8cc20f89fff4d') in 0.015973 seconds
  Import took 0.021743 seconds .

AssetImportWorkerClient::OnTransportError - code=2 error=End of file
